<?xml version="1.0" encoding="UTF-8"?>
<testng-results skipped="0" failed="0" ignored="0" total="2" passed="2">
  <reporter-output>
  </reporter-output>
  <suite name="InetBankingV1" duration-ms="33865" started-at="2019-05-18T08:36:28Z" finished-at="2019-05-18T08:37:02Z">
    <groups>
    </groups>
    <test name="BankingApp Test" duration-ms="33865" started-at="2019-05-18T08:36:28Z" finished-at="2019-05-18T08:37:02Z">
      <class name="com.inetBanking.testCases.TC_LoginTest_001">
        <test-method status="PASS" signature="setup(java.lang.String)[pri:0, instance:com.inetBanking.testCases.TC_LoginTest_001@1ebec15]" name="setup" is-config="true" duration-ms="9825" started-at="2019-05-18T08:36:29Z" finished-at="2019-05-18T08:36:39Z">
          <params>
            <param index="0">
              <value>
                <![CDATA[chrome]]>
              </value>
            </param>
          </params>
          <reporter-output>
          </reporter-output>
        </test-method> <!-- setup -->
        <test-method status="PASS" signature="loginTest()[pri:0, instance:com.inetBanking.testCases.TC_LoginTest_001@1ebec15]" name="loginTest" duration-ms="2000" started-at="2019-05-18T08:36:39Z" finished-at="2019-05-18T08:36:41Z">
          <reporter-output>
          </reporter-output>
        </test-method> <!-- loginTest -->
        <test-method status="PASS" signature="tearDown()[pri:0, instance:com.inetBanking.testCases.TC_LoginTest_001@1ebec15]" name="tearDown" is-config="true" duration-ms="675" started-at="2019-05-18T08:36:41Z" finished-at="2019-05-18T08:36:41Z">
          <reporter-output>
          </reporter-output>
        </test-method> <!-- tearDown -->
      </class> <!-- com.inetBanking.testCases.TC_LoginTest_001 -->
      <class name="com.inetBanking.testCases.TC_EditCustomerTest_004">
        <test-method status="PASS" signature="setup(java.lang.String)[pri:0, instance:com.inetBanking.testCases.TC_EditCustomerTest_004@1bcffb5]" name="setup" is-config="true" duration-ms="7901" started-at="2019-05-18T08:36:41Z" finished-at="2019-05-18T08:36:49Z">
          <params>
            <param index="0">
              <value>
                <![CDATA[chrome]]>
              </value>
            </param>
          </params>
          <reporter-output>
          </reporter-output>
        </test-method> <!-- setup -->
        <test-method status="PASS" signature="editCustomer()[pri:0, instance:com.inetBanking.testCases.TC_EditCustomerTest_004@1bcffb5]" name="editCustomer" duration-ms="12357" started-at="2019-05-18T08:36:49Z" finished-at="2019-05-18T08:37:02Z">
          <reporter-output>
          </reporter-output>
        </test-method> <!-- editCustomer -->
        <test-method status="PASS" signature="tearDown()[pri:0, instance:com.inetBanking.testCases.TC_EditCustomerTest_004@1bcffb5]" name="tearDown" is-config="true" duration-ms="705" started-at="2019-05-18T08:37:02Z" finished-at="2019-05-18T08:37:02Z">
          <reporter-output>
          </reporter-output>
        </test-method> <!-- tearDown -->
      </class> <!-- com.inetBanking.testCases.TC_EditCustomerTest_004 -->
    </test> <!-- BankingApp Test -->
  </suite> <!-- InetBankingV1 -->
</testng-results>
